07-15@20:28:36 INFO  (AccountControllerImpl.java:132)     - Fetching user accounts...
07-15@20:30:27 INFO  (AccountControllerImpl.java:132)     - Fetching user accounts...
07-15@20:46:04 INFO  (AccountControllerImpl.java:132)     - Fetching user accounts...
07-15@20:47:05 INFO  (AccountControllerImpl.java:132)     - Fetching user accounts...
07-15@20:48:56 INFO  (AccountControllerImpl.java:132)     - Fetching user accounts...
07-15@20:48:57 INFO  (AccountControllerImpl.java:132)     - Fetching user accounts...
07-15@20:49:01 INFO  (AccountControllerImpl.java:132)     - Fetching user accounts...
07-15@20:49:51 INFO  (AccountControllerImpl.java:132)     - Fetching user accounts...
07-15@20:50:08 INFO  (AccountControllerImpl.java:132)     - Fetching user accounts...
07-15@20:51:40 INFO  (AccountControllerImpl.java:132)     - Fetching user accounts...
07-15@20:51:41 INFO  (AccountControllerImpl.java:132)     - Fetching user accounts...
07-15@20:52:19 INFO  (AccountControllerImpl.java:132)     - Fetching user accounts...
07-15@20:54:25 INFO  (AccountControllerImpl.java:132)     - Fetching user accounts...
07-15@20:55:15 INFO  (AccountControllerImpl.java:132)     - Fetching user accounts...
07-15@20:55:28 INFO  (AccountControllerImpl.java:132)     - Fetching user accounts...
07-15@20:55:46 INFO  (AccountControllerImpl.java:132)     - Fetching user accounts...
07-15@20:56:10 INFO  (AccountControllerImpl.java:132)     - Fetching user accounts...
07-15@20:56:52 INFO  (AccountControllerImpl.java:132)     - Fetching user accounts...
07-15@20:57:35 INFO  (AccountControllerImpl.java:132)     - Fetching user accounts...
07-15@21:10:54 INFO  (AccountControllerImpl.java:132)     - Fetching user accounts...
07-15@21:10:59 INFO  (AccountControllerImpl.java:125)     - Loading registration page...
07-15@21:12:01 INFO  (AccountControllerImpl.java:125)     - Loading registration page...
07-15@21:12:11 INFO  (AccountControllerImpl.java:119)     - New customer registration initiated with username: b and password: password
07-15@21:16:36 INFO  (AccountControllerImpl.java:42)     - Deposit initiated into account: 166
07-15@21:16:49 INFO  (AccountControllerImpl.java:42)     - Deposit initiated into account: 166
07-15@21:16:56 INFO  (AccountControllerImpl.java:42)     - Deposit initiated into account: 166
07-15@21:17:02 INFO  (AccountControllerImpl.java:42)     - Deposit initiated into account: 166
07-15@21:17:07 INFO  (AccountControllerImpl.java:42)     - Deposit initiated into account: 166
07-15@21:17:21 INFO  (AccountControllerImpl.java:61)     - Withdraw initiated from account: 166
07-15@21:17:29 INFO  (AccountControllerImpl.java:61)     - Withdraw initiated from account: 166
07-15@21:18:28 INFO  (AccountControllerImpl.java:96)     - New account registration initiated with deposit of: 200
07-15@21:18:32 INFO  (AccountControllerImpl.java:96)     - New account registration initiated with deposit of: 24.05
07-15@21:18:43 INFO  (AccountControllerImpl.java:132)     - Fetching user accounts...
07-15@21:18:58 INFO  (AccountControllerImpl.java:154)     - Account approved by employee: 166
07-15@21:18:58 INFO  (AccountControllerImpl.java:132)     - Fetching user accounts...
07-15@21:19:07 INFO  (AccountControllerImpl.java:144)     - Account approved by employee: 4545
07-15@21:19:07 INFO  (AccountControllerImpl.java:132)     - Fetching user accounts...
07-15@21:19:11 INFO  (AccountControllerImpl.java:144)     - Account approved by employee: 173
07-15@21:19:11 INFO  (AccountControllerImpl.java:132)     - Fetching user accounts...
07-15@21:19:16 INFO  (AccountControllerImpl.java:144)     - Account approved by employee: 173
07-15@21:19:16 INFO  (AccountControllerImpl.java:132)     - Fetching user accounts...
07-15@21:19:21 INFO  (AccountControllerImpl.java:144)     - Account approved by employee: 174
07-15@21:19:21 INFO  (AccountControllerImpl.java:132)     - Fetching user accounts...
07-15@21:19:28 INFO  (AccountControllerImpl.java:132)     - Fetching user accounts...
07-15@21:19:55 INFO  (AccountControllerImpl.java:42)     - Deposit initiated into account: 567
07-15@21:20:02 INFO  (AccountControllerImpl.java:42)     - Deposit initiated into account: 345345
07-15@21:28:00 INFO  (AccountControllerImpl.java:42)     - Deposit initiated into account: 173
07-15@21:37:07 INFO  (AccountControllerImpl.java:42)     - Deposit initiated into account: 166
07-15@21:37:14 INFO  (AccountControllerImpl.java:42)     - Deposit initiated into account: 
07-15@21:37:14 INFO  (AccountControllerImpl.java:42)     - Deposit initiated into account: 
07-15@21:37:16 INFO  (AccountControllerImpl.java:61)     - Withdraw initiated from account: 
07-15@21:38:27 INFO  (AccountControllerImpl.java:80)     - Transfer initiated between source:  and target: 
07-15@21:42:47 INFO  (AccountControllerImpl.java:80)     - Transfer initiated between source:  and target: 
07-15@21:43:41 INFO  (AccountControllerImpl.java:125)     - Loading registration page...
07-15@21:43:44 INFO  (AccountControllerImpl.java:119)     - New customer registration initiated with username:  and password: 
07-15@21:43:45 INFO  (AccountControllerImpl.java:125)     - Loading registration page...
07-15@21:43:46 INFO  (AccountControllerImpl.java:119)     - New customer registration initiated with username:  and password: 
07-15@21:43:59 INFO  (AccountControllerImpl.java:125)     - Loading registration page...
07-15@21:44:07 INFO  (AccountControllerImpl.java:119)     - New customer registration initiated with username: nerd and password: password
07-15@21:44:50 INFO  (AccountControllerImpl.java:125)     - Loading registration page...
07-15@21:45:02 INFO  (AccountControllerImpl.java:119)     - New customer registration initiated with username: b1 and password: password
07-15@21:46:19 INFO  (AccountControllerImpl.java:119)     - New customer registration initiated with username: b1 and password: password
07-15@21:46:34 INFO  (AccountControllerImpl.java:125)     - Loading registration page...
07-15@21:46:50 INFO  (AccountControllerImpl.java:119)     - New customer registration initiated with username: paulhubbs and password: 1234
07-15@21:47:17 INFO  (AccountControllerImpl.java:125)     - Loading registration page...
07-15@21:47:28 INFO  (AccountControllerImpl.java:119)     - New customer registration initiated with username: newuser and password: password
07-15@21:49:15 INFO  (AccountControllerImpl.java:127)     - Loading registration page...
07-15@21:49:21 INFO  (AccountControllerImpl.java:121)     - New customer registration initiated with username: afgdsg and password: password
07-15@21:50:06 INFO  (AccountControllerImpl.java:128)     - Loading registration page...
07-15@21:50:28 INFO  (AccountControllerImpl.java:122)     - New customer registration initiated with username: hubbssd and password: password
07-15@21:50:57 INFO  (AccountControllerImpl.java:128)     - Loading registration page...
07-15@21:53:43 INFO  (AccountControllerImpl.java:122)     - New customer registration initiated with username: pettcat and password: password
07-15@21:54:01 INFO  (AccountControllerImpl.java:96)     - New account registration initiated with deposit of: 24.05
07-15@21:54:03 INFO  (AccountControllerImpl.java:96)     - New account registration initiated with deposit of: 200
07-15@21:54:06 INFO  (AccountControllerImpl.java:96)     - New account registration initiated with deposit of: 500
07-15@21:54:11 INFO  (AccountControllerImpl.java:135)     - Fetching user accounts...
07-15@21:54:17 INFO  (AccountControllerImpl.java:147)     - Account approved by employee: 175
07-15@21:54:17 INFO  (AccountControllerImpl.java:135)     - Fetching user accounts...
07-15@21:54:21 INFO  (AccountControllerImpl.java:147)     - Account approved by employee: 176
07-15@21:54:22 INFO  (AccountControllerImpl.java:135)     - Fetching user accounts...
07-15@21:54:24 INFO  (AccountControllerImpl.java:147)     - Account approved by employee: 177
07-15@21:54:24 INFO  (AccountControllerImpl.java:135)     - Fetching user accounts...
